<?xml version="1.0" encoding="UTF-8"?>
<!-- Generated by org.testng.reporters.JUnitReportReporter -->
<testsuite hostname="Jelica-PC" name="ForgetPassword.ForgetPasswordTestCases" tests="3" failures="0" timestamp="1 Oct 2019 09:38:08 GMT" time="11.675" errors="0">
  <testcase name="ResetWhithoutEmail" time="7.366" classname="ForgetPassword.ForgetPasswordTestCases"/>
  <testcase name="SuccessfullyForgetPassword" time="1.587" classname="ForgetPassword.ForgetPasswordTestCases"/>
  <testcase name="ResetWithWrongEmail" time="2.722" classname="ForgetPassword.ForgetPasswordTestCases"/>
</testsuite> <!-- ForgetPassword.ForgetPasswordTestCases -->
